<?xml version="1.0" encoding="UTF-8"?>
<!-- Generated by org.testng.reporters.JUnitReportReporter -->
<testsuite hostname="kairosHW0443" failures="0" tests="2" name="com.HugsForBugs.TestScripts.TestScenario1" time="40.252" errors="0" timestamp="2023-06-14T11:39:30 IST" skipped="0">
  <testcase classname="com.HugsForBugs.TestScripts.TestScenario1" name="logout" time="19.754"/>
  <system-out>
    <![CDATA[logout => test script execution started
logout => is Passed]]>
  </system-out>
  <testcase classname="com.HugsForBugs.TestScripts.TestScenario1" name="logout" time="20.498"/>
  <system-out>
    <![CDATA[logout => test script execution started
logout => is Passed]]>
  </system-out>
</testsuite> <!-- com.HugsForBugs.TestScripts.TestScenario1 -->
