<?xml version="1.0" encoding="UTF-8"?>
<!-- Generated by org.testng.reporters.JUnitReportReporter -->
<testsuite hostname="kairosHW0443" failures="0" tests="1" name="com.HugsForBugs.TestScripts.TC_001Login" time="1.273" errors="0" timestamp="2023-06-12T12:14:41 IST" skipped="0">
  <testcase classname="com.HugsForBugs.TestScripts.TC_001Login" name="logintest" time="1.273"/>
  <system-out>
    <![CDATA[logintest => test script execution started
logintest => is Passed]]>
  </system-out>
</testsuite> <!-- com.HugsForBugs.TestScripts.TC_001Login -->
