<?xml version="1.0" encoding="UTF-8"?>
<!-- Generated by org.testng.reporters.JUnitReportReporter -->
<testsuite hostname="kairosHW0443" failures="0" tests="2" name="com.HugsForBugs.TestScripts.TC_002HomePage" time="24.962" errors="0" timestamp="2023-06-12T12:24:49 IST" skipped="0">
  <testcase classname="com.HugsForBugs.TestScripts.TC_002HomePage" name="logintest" time="1.290"/>
  <system-out>
    <![CDATA[logintest => test script execution started
logintest => is Passed]]>
  </system-out>
  <testcase classname="com.HugsForBugs.TestScripts.TC_002HomePage" name="homepagetest" time="23.672"/>
  <system-out>
    <![CDATA[homepagetest => test script execution started
homepagetest => is Passed]]>
  </system-out>
</testsuite> <!-- com.HugsForBugs.TestScripts.TC_002HomePage -->
