<?xml version="1.0" encoding="UTF-8"?>
<!-- Generated by org.testng.reporters.JUnitReportReporter -->
<testsuite hostname="kairosHW0443" failures="0" tests="3" name="com.HugsForBugs.TestScripts.TC_003ProductPage" time="28.524" errors="0" timestamp="2023-06-13T14:26:23 IST" skipped="0">
  <testcase classname="com.HugsForBugs.TestScripts.TC_003ProductPage" name="homepagetest" time="9.965"/>
  <system-out>
    <![CDATA[homepagetest => test script execution started
homepagetest => is Passed]]>
  </system-out>
  <testcase classname="com.HugsForBugs.TestScripts.TC_003ProductPage" name="logintest" time="2.285"/>
  <system-out>
    <![CDATA[logintest => test script execution started
logintest => is Passed]]>
  </system-out>
  <testcase classname="com.HugsForBugs.TestScripts.TC_003ProductPage" name="producttest" time="16.274"/>
  <system-out>
    <![CDATA[producttest => test script execution started
producttest => is Passed]]>
  </system-out>
</testsuite> <!-- com.HugsForBugs.TestScripts.TC_003ProductPage -->
