<?xml version="1.0" encoding="UTF-8"?>
<!-- Generated by org.testng.reporters.JUnitReportReporter -->
<testsuite hostname="kairosHW0443" failures="0" tests="2" name="com.HugsForBugs.TestScripts.TC_005LogOut" time="11.332" errors="0" timestamp="2023-06-14T10:40:35 IST" skipped="0">
  <testcase classname="com.HugsForBugs.TestScripts.TC_005LogOut" name="logintest" time="2.388"/>
  <system-out>
    <![CDATA[logintest => test script execution started
logintest => is Passed]]>
  </system-out>
  <testcase classname="com.HugsForBugs.TestScripts.TC_005LogOut" name="logout" time="8.944"/>
  <system-out>
    <![CDATA[logout => test script execution started
logout => is Passed]]>
  </system-out>
</testsuite> <!-- com.HugsForBugs.TestScripts.TC_005LogOut -->
