<?xml version="1.0" encoding="UTF-8"?>
<!-- Generated by org.testng.reporters.JUnitReportReporter -->
<testsuite hostname="kairosHW0443" failures="0" tests="1" name="com.HugsForBugs.TestScripts.TestScenario2Test" time="33.858" errors="0" timestamp="2023-06-15T14:18:14 IST" skipped="0">
  <testcase classname="com.HugsForBugs.TestScripts.TestScenario2Test" name="homepageTest" time="33.858"/>
  <system-out>
    <![CDATA[homepageTest => test script execution started
homepageTest => is Passed]]>
  </system-out>
</testsuite> <!-- com.HugsForBugs.TestScripts.TestScenario2Test -->
